{"/home/jamangueira/programacao/nodejs/js-expert-aula05-tdd-project/src/api.js": {"path":"/home/jamangueira/programacao/nodejs/js-expert-aula05-tdd-project/src/api.js","statementMap":{"0":{"start":{"line":1,"column":13},"end":{"line":1,"column":28}},"1":{"start":{"line":2,"column":17},"end":{"line":2,"column":32}},"2":{"start":{"line":3,"column":19},"end":{"line":3,"column":50}},"3":{"start":{"line":4,"column":13},"end":{"line":4,"column":36}},"4":{"start":{"line":6,"column":22},"end":{"line":8,"column":2}},"5":{"start":{"line":10,"column":23},"end":{"line":12,"column":2}},"6":{"start":{"line":14,"column":28},"end":{"line":16,"column":2}},"7":{"start":{"line":18,"column":13},"end":{"line":18,"column":17}},"8":{"start":{"line":19,"column":23},"end":{"line":19,"column":62}},"9":{"start":{"line":21,"column":15},"end":{"line":132,"column":1}},"10":{"start":{"line":25,"column":23},"end":{"line":25,"column":30}},"11":{"start":{"line":26,"column":24},"end":{"line":28,"column":10}},"12":{"start":{"line":30,"column":28},"end":{"line":30,"column":56}},"13":{"start":{"line":32,"column":20},"end":{"line":32,"column":62}},"14":{"start":{"line":34,"column":8},"end":{"line":34,"column":44}},"15":{"start":{"line":35,"column":8},"end":{"line":35,"column":30}},"16":{"start":{"line":40,"column":8},"end":{"line":40,"column":79}},"17":{"start":{"line":41,"column":8},"end":{"line":41,"column":30}},"18":{"start":{"line":45,"column":23},"end":{"line":45,"column":30}},"19":{"start":{"line":47,"column":20},"end":{"line":47,"column":47}},"20":{"start":{"line":49,"column":8},"end":{"line":53,"column":9}},"21":{"start":{"line":50,"column":12},"end":{"line":50,"column":52}},"22":{"start":{"line":51,"column":12},"end":{"line":51,"column":71}},"23":{"start":{"line":52,"column":12},"end":{"line":52,"column":34}},"24":{"start":{"line":55,"column":8},"end":{"line":55,"column":44}},"25":{"start":{"line":56,"column":8},"end":{"line":56,"column":30}},"26":{"start":{"line":61,"column":8},"end":{"line":61,"column":85}},"27":{"start":{"line":62,"column":8},"end":{"line":62,"column":30}},"28":{"start":{"line":66,"column":23},"end":{"line":66,"column":30}},"29":{"start":{"line":68,"column":25},"end":{"line":68,"column":58}},"30":{"start":{"line":70,"column":8},"end":{"line":74,"column":9}},"31":{"start":{"line":71,"column":12},"end":{"line":71,"column":52}},"32":{"start":{"line":72,"column":12},"end":{"line":72,"column":76}},"33":{"start":{"line":73,"column":12},"end":{"line":73,"column":34}},"34":{"start":{"line":76,"column":8},"end":{"line":76,"column":49}},"35":{"start":{"line":77,"column":8},"end":{"line":77,"column":30}},"36":{"start":{"line":81,"column":24},"end":{"line":81,"column":26}},"37":{"start":{"line":82,"column":8},"end":{"line":85,"column":9}},"38":{"start":{"line":83,"column":12},"end":{"line":83,"column":41}},"39":{"start":{"line":87,"column":24},"end":{"line":89,"column":10}},"40":{"start":{"line":91,"column":28},"end":{"line":91,"column":76}},"41":{"start":{"line":92,"column":20},"end":{"line":92,"column":62}},"42":{"start":{"line":94,"column":8},"end":{"line":98,"column":9}},"43":{"start":{"line":95,"column":12},"end":{"line":95,"column":52}},"44":{"start":{"line":96,"column":12},"end":{"line":96,"column":75}},"45":{"start":{"line":97,"column":12},"end":{"line":97,"column":34}},"46":{"start":{"line":100,"column":25},"end":{"line":100,"column":76}},"47":{"start":{"line":101,"column":8},"end":{"line":105,"column":9}},"48":{"start":{"line":102,"column":12},"end":{"line":102,"column":52}},"49":{"start":{"line":103,"column":12},"end":{"line":103,"column":81}},"50":{"start":{"line":104,"column":12},"end":{"line":104,"column":34}},"51":{"start":{"line":107,"column":8},"end":{"line":111,"column":9}},"52":{"start":{"line":108,"column":12},"end":{"line":108,"column":52}},"53":{"start":{"line":109,"column":12},"end":{"line":109,"column":98}},"54":{"start":{"line":110,"column":12},"end":{"line":110,"column":34}},"55":{"start":{"line":113,"column":21},"end":{"line":113,"column":51}},"56":{"start":{"line":114,"column":23},"end":{"line":114,"column":51}},"57":{"start":{"line":115,"column":26},"end":{"line":115,"column":70}},"58":{"start":{"line":116,"column":28},"end":{"line":116,"column":68}},"59":{"start":{"line":118,"column":28},"end":{"line":122,"column":9}},"60":{"start":{"line":124,"column":8},"end":{"line":124,"column":52}},"61":{"start":{"line":125,"column":8},"end":{"line":125,"column":30}},"62":{"start":{"line":129,"column":8},"end":{"line":129,"column":64}},"63":{"start":{"line":130,"column":8},"end":{"line":130,"column":30}},"64":{"start":{"line":134,"column":15},"end":{"line":148,"column":1}},"65":{"start":{"line":135,"column":26},"end":{"line":135,"column":33}},"66":{"start":{"line":136,"column":4},"end":{"line":140,"column":5}},"67":{"start":{"line":137,"column":20},"end":{"line":137,"column":34}},"68":{"start":{"line":138,"column":8},"end":{"line":138,"column":21}},"69":{"start":{"line":139,"column":8},"end":{"line":139,"column":28}},"70":{"start":{"line":142,"column":21},"end":{"line":142,"column":53}},"71":{"start":{"line":143,"column":19},"end":{"line":143,"column":53}},"72":{"start":{"line":145,"column":4},"end":{"line":145,"column":46}},"73":{"start":{"line":147,"column":4},"end":{"line":147,"column":37}},"74":{"start":{"line":150,"column":12},"end":{"line":150,"column":99}},"75":{"start":{"line":150,"column":61},"end":{"line":150,"column":98}},"76":{"start":{"line":152,"column":0},"end":{"line":152,"column":21}}},"fnMap":{"0":{"name":"(anonymous_0)","decl":{"start":{"line":23,"column":27},"end":{"line":23,"column":28}},"loc":{"start":{"line":23,"column":56},"end":{"line":36,"column":5}},"line":23},"1":{"name":"(anonymous_1)","decl":{"start":{"line":38,"column":17},"end":{"line":38,"column":18}},"loc":{"start":{"line":38,"column":46},"end":{"line":42,"column":5}},"line":38},"2":{"name":"(anonymous_2)","decl":{"start":{"line":44,"column":23},"end":{"line":44,"column":24}},"loc":{"start":{"line":44,"column":52},"end":{"line":57,"column":5}},"line":44},"3":{"name":"(anonymous_3)","decl":{"start":{"line":59,"column":22},"end":{"line":59,"column":23}},"loc":{"start":{"line":59,"column":51},"end":{"line":63,"column":5}},"line":59},"4":{"name":"(anonymous_4)","decl":{"start":{"line":65,"column":32},"end":{"line":65,"column":33}},"loc":{"start":{"line":65,"column":61},"end":{"line":78,"column":5}},"line":65},"5":{"name":"(anonymous_5)","decl":{"start":{"line":80,"column":18},"end":{"line":80,"column":19}},"loc":{"start":{"line":80,"column":47},"end":{"line":126,"column":5}},"line":80},"6":{"name":"(anonymous_6)","decl":{"start":{"line":128,"column":13},"end":{"line":128,"column":14}},"loc":{"start":{"line":128,"column":36},"end":{"line":131,"column":5}},"line":128},"7":{"name":"(anonymous_7)","decl":{"start":{"line":134,"column":15},"end":{"line":134,"column":16}},"loc":{"start":{"line":134,"column":44},"end":{"line":148,"column":1}},"line":134},"8":{"name":"(anonymous_8)","decl":{"start":{"line":150,"column":55},"end":{"line":150,"column":56}},"loc":{"start":{"line":150,"column":61},"end":{"line":150,"column":98}},"line":150}},"branchMap":{"0":{"loc":{"start":{"line":49,"column":8},"end":{"line":53,"column":9}},"type":"if","locations":[{"start":{"line":49,"column":8},"end":{"line":53,"column":9}},{"start":{"line":49,"column":8},"end":{"line":53,"column":9}}],"line":49},"1":{"loc":{"start":{"line":70,"column":8},"end":{"line":74,"column":9}},"type":"if","locations":[{"start":{"line":70,"column":8},"end":{"line":74,"column":9}},{"start":{"line":70,"column":8},"end":{"line":74,"column":9}}],"line":70},"2":{"loc":{"start":{"line":94,"column":8},"end":{"line":98,"column":9}},"type":"if","locations":[{"start":{"line":94,"column":8},"end":{"line":98,"column":9}},{"start":{"line":94,"column":8},"end":{"line":98,"column":9}}],"line":94},"3":{"loc":{"start":{"line":94,"column":11},"end":{"line":94,"column":61}},"type":"binary-expr","locations":[{"start":{"line":94,"column":11},"end":{"line":94,"column":23}},{"start":{"line":94,"column":27},"end":{"line":94,"column":31}},{"start":{"line":94,"column":35},"end":{"line":94,"column":61}}],"line":94},"4":{"loc":{"start":{"line":101,"column":8},"end":{"line":105,"column":9}},"type":"if","locations":[{"start":{"line":101,"column":8},"end":{"line":105,"column":9}},{"start":{"line":101,"column":8},"end":{"line":105,"column":9}}],"line":101},"5":{"loc":{"start":{"line":107,"column":8},"end":{"line":111,"column":9}},"type":"if","locations":[{"start":{"line":107,"column":8},"end":{"line":111,"column":9}},{"start":{"line":107,"column":8},"end":{"line":111,"column":9}}],"line":107},"6":{"loc":{"start":{"line":136,"column":4},"end":{"line":140,"column":5}},"type":"if","locations":[{"start":{"line":136,"column":4},"end":{"line":140,"column":5}},{"start":{"line":136,"column":4},"end":{"line":140,"column":5}}],"line":136},"7":{"loc":{"start":{"line":136,"column":7},"end":{"line":136,"column":43}},"type":"binary-expr","locations":[{"start":{"line":136,"column":7},"end":{"line":136,"column":23}},{"start":{"line":136,"column":27},"end":{"line":136,"column":43}}],"line":136},"8":{"loc":{"start":{"line":143,"column":19},"end":{"line":143,"column":53}},"type":"binary-expr","locations":[{"start":{"line":143,"column":19},"end":{"line":143,"column":35}},{"start":{"line":143,"column":39},"end":{"line":143,"column":53}}],"line":143}},"s":{"0":1,"1":1,"2":1,"3":1,"4":1,"5":1,"6":1,"7":1,"8":1,"9":1,"10":1,"11":1,"12":1,"13":1,"14":1,"15":1,"16":1,"17":1,"18":2,"19":2,"20":2,"21":1,"22":1,"23":1,"24":1,"25":1,"26":1,"27":1,"28":2,"29":2,"30":2,"31":1,"32":1,"33":1,"34":1,"35":1,"36":5,"37":5,"38":5,"39":5,"40":5,"41":5,"42":5,"43":2,"44":2,"45":2,"46":3,"47":3,"48":1,"49":1,"50":1,"51":2,"52":1,"53":1,"54":1,"55":1,"56":1,"57":1,"58":1,"59":1,"60":1,"61":1,"62":1,"63":1,"64":1,"65":13,"66":13,"67":8,"68":8,"69":8,"70":13,"71":13,"72":13,"73":13,"74":1,"75":1,"76":1},"f":{"0":1,"1":1,"2":2,"3":1,"4":2,"5":5,"6":1,"7":13,"8":1},"b":{"0":[1,1],"1":[1,1],"2":[2,3],"3":[5,5,4],"4":[1,2],"5":[1,1],"6":[8,5],"7":[13,8],"8":[13,1]},"_coverageSchema":"1a1c01bbd47fc00a2c39e90264f33305004495a9","hash":"6064331e23928e69491d2bbe5374f518718048ee","contentHash":"6e745c663cd5263363a16867350e220d0b651aa7f1cd77e9e6b2c267a34370bd"}
,"/home/jamangueira/programacao/nodejs/js-expert-aula05-tdd-project/src/entities/tax.js": {"path":"/home/jamangueira/programacao/nodejs/js-expert-aula05-tdd-project/src/entities/tax.js","statementMap":{"0":{"start":{"line":3,"column":8},"end":{"line":7,"column":10}},"1":{"start":{"line":11,"column":0},"end":{"line":11,"column":21}}},"fnMap":{"0":{"name":"(anonymous_0)","decl":{"start":{"line":2,"column":4},"end":{"line":2,"column":5}},"loc":{"start":{"line":2,"column":32},"end":{"line":8,"column":5}},"line":2}},"branchMap":{},"s":{"0":7,"1":1},"f":{"0":7},"b":{},"_coverageSchema":"1a1c01bbd47fc00a2c39e90264f33305004495a9","hash":"17d10fb360a49662bcab197d74e495edfb8b424b","contentHash":"7f00373acaf2523339bc7a68b8e4f1060a3366c40a74a8ade53645e629a769d2"}
,"/home/jamangueira/programacao/nodejs/js-expert-aula05-tdd-project/src/entities/transaction.js": {"path":"/home/jamangueira/programacao/nodejs/js-expert-aula05-tdd-project/src/entities/transaction.js","statementMap":{"0":{"start":{"line":3,"column":8},"end":{"line":3,"column":33}},"1":{"start":{"line":4,"column":8},"end":{"line":4,"column":23}},"2":{"start":{"line":5,"column":8},"end":{"line":5,"column":29}},"3":{"start":{"line":6,"column":8},"end":{"line":6,"column":31}},"4":{"start":{"line":11,"column":0},"end":{"line":11,"column":29}}},"fnMap":{"0":{"name":"(anonymous_0)","decl":{"start":{"line":2,"column":4},"end":{"line":2,"column":5}},"loc":{"start":{"line":2,"column":52},"end":{"line":8,"column":5}},"line":2}},"branchMap":{},"s":{"0":3,"1":3,"2":3,"3":3,"4":1},"f":{"0":3},"b":{},"_coverageSchema":"1a1c01bbd47fc00a2c39e90264f33305004495a9","hash":"03fda8b427690da35e2c715b574abf5feb4005a6","contentHash":"f2600fd4ad07b4c3e673209167df87620a6d1150c1d52742043973e626de8f7c"}
,"/home/jamangueira/programacao/nodejs/js-expert-aula05-tdd-project/src/service/carService.js": {"path":"/home/jamangueira/programacao/nodejs/js-expert-aula05-tdd-project/src/service/carService.js","statementMap":{"0":{"start":{"line":1,"column":23},"end":{"line":1,"column":69}},"1":{"start":{"line":2,"column":12},"end":{"line":2,"column":40}},"2":{"start":{"line":3,"column":20},"end":{"line":3,"column":56}},"3":{"start":{"line":7,"column":8},"end":{"line":7,"column":64}},"4":{"start":{"line":8,"column":8},"end":{"line":8,"column":49}},"5":{"start":{"line":9,"column":8},"end":{"line":12,"column":11}},"6":{"start":{"line":17,"column":27},"end":{"line":17,"column":29}},"7":{"start":{"line":19,"column":8},"end":{"line":25,"column":10}},"8":{"start":{"line":20,"column":24},"end":{"line":20,"column":57}},"9":{"start":{"line":22,"column":12},"end":{"line":24,"column":13}},"10":{"start":{"line":23,"column":16},"end":{"line":23,"column":42}},"11":{"start":{"line":28,"column":8},"end":{"line":30,"column":9}},"12":{"start":{"line":29,"column":12},"end":{"line":29,"column":25}},"13":{"start":{"line":32,"column":8},"end":{"line":32,"column":42}},"14":{"start":{"line":34,"column":23},"end":{"line":34,"column":62}},"15":{"start":{"line":36,"column":20},"end":{"line":36,"column":57}},"16":{"start":{"line":38,"column":8},"end":{"line":38,"column":19}},"17":{"start":{"line":43,"column":31},"end":{"line":43,"column":82}},"18":{"start":{"line":44,"column":22},"end":{"line":44,"column":56}},"19":{"start":{"line":46,"column":8},"end":{"line":46,"column":21}},"20":{"start":{"line":50,"column":27},"end":{"line":50,"column":38}},"21":{"start":{"line":53,"column":8},"end":{"line":55,"column":10}},"22":{"start":{"line":60,"column":24},"end":{"line":60,"column":32}},"23":{"start":{"line":61,"column":22},"end":{"line":61,"column":39}},"24":{"start":{"line":62,"column":30},"end":{"line":62,"column":97}},"25":{"start":{"line":62,"column":64},"end":{"line":62,"column":96}},"26":{"start":{"line":64,"column":28},"end":{"line":64,"column":57}},"27":{"start":{"line":65,"column":31},"end":{"line":65,"column":69}},"28":{"start":{"line":67,"column":8},"end":{"line":67,"column":30}},"29":{"start":{"line":71,"column":20},"end":{"line":71,"column":59}},"30":{"start":{"line":72,"column":27},"end":{"line":72,"column":87}},"31":{"start":{"line":74,"column":22},"end":{"line":74,"column":32}},"32":{"start":{"line":75,"column":8},"end":{"line":75,"column":53}},"33":{"start":{"line":76,"column":24},"end":{"line":76,"column":74}},"34":{"start":{"line":77,"column":24},"end":{"line":77,"column":66}},"35":{"start":{"line":79,"column":28},"end":{"line":84,"column":10}},"36":{"start":{"line":86,"column":8},"end":{"line":86,"column":27}},"37":{"start":{"line":90,"column":0},"end":{"line":90,"column":28}}},"fnMap":{"0":{"name":"(anonymous_0)","decl":{"start":{"line":6,"column":4},"end":{"line":6,"column":5}},"loc":{"start":{"line":6,"column":26},"end":{"line":13,"column":5}},"line":6},"1":{"name":"(anonymous_1)","decl":{"start":{"line":15,"column":4},"end":{"line":15,"column":5}},"loc":{"start":{"line":15,"column":39},"end":{"line":39,"column":5}},"line":15},"2":{"name":"(anonymous_2)","decl":{"start":{"line":19,"column":37},"end":{"line":19,"column":38}},"loc":{"start":{"line":19,"column":51},"end":{"line":25,"column":9}},"line":19},"3":{"name":"(anonymous_3)","decl":{"start":{"line":41,"column":4},"end":{"line":41,"column":5}},"loc":{"start":{"line":41,"column":33},"end":{"line":47,"column":5}},"line":41},"4":{"name":"(anonymous_4)","decl":{"start":{"line":49,"column":4},"end":{"line":49,"column":5}},"loc":{"start":{"line":49,"column":37},"end":{"line":57,"column":5}},"line":49},"5":{"name":"(anonymous_5)","decl":{"start":{"line":59,"column":4},"end":{"line":59,"column":5}},"loc":{"start":{"line":59,"column":60},"end":{"line":68,"column":5}},"line":59},"6":{"name":"(anonymous_6)","decl":{"start":{"line":62,"column":55},"end":{"line":62,"column":56}},"loc":{"start":{"line":62,"column":64},"end":{"line":62,"column":96}},"line":62},"7":{"name":"(anonymous_7)","decl":{"start":{"line":70,"column":4},"end":{"line":70,"column":5}},"loc":{"start":{"line":70,"column":52},"end":{"line":87,"column":5}},"line":70}},"branchMap":{"0":{"loc":{"start":{"line":22,"column":12},"end":{"line":24,"column":13}},"type":"if","locations":[{"start":{"line":22,"column":12},"end":{"line":24,"column":13}},{"start":{"line":22,"column":12},"end":{"line":24,"column":13}}],"line":22},"1":{"loc":{"start":{"line":28,"column":8},"end":{"line":30,"column":9}},"type":"if","locations":[{"start":{"line":28,"column":8},"end":{"line":30,"column":9}},{"start":{"line":28,"column":8},"end":{"line":30,"column":9}}],"line":28},"2":{"loc":{"start":{"line":62,"column":64},"end":{"line":62,"column":96}},"type":"binary-expr","locations":[{"start":{"line":62,"column":64},"end":{"line":62,"column":79}},{"start":{"line":62,"column":83},"end":{"line":62,"column":96}}],"line":62}},"s":{"0":1,"1":1,"2":1,"3":7,"4":7,"5":7,"6":9,"7":9,"8":11,"9":11,"10":9,"11":9,"12":1,"13":8,"14":8,"15":8,"16":8,"17":9,"18":9,"19":9,"20":9,"21":9,"22":3,"23":3,"24":3,"25":5,"26":3,"27":3,"28":3,"29":2,"30":2,"31":2,"32":2,"33":2,"34":2,"35":2,"36":2,"37":1},"f":{"0":7,"1":9,"2":11,"3":9,"4":9,"5":3,"6":5,"7":2},"b":{"0":[9,1],"1":[1,8],"2":[5,5]},"_coverageSchema":"1a1c01bbd47fc00a2c39e90264f33305004495a9","hash":"b56c7ff93706ac47fdc4046d02f2e8a040ad13ad","contentHash":"84dc09a0f37ade008cba823b4a4f5c3468ee500cc29a55056c4cf001a58b840a"}
,"/home/jamangueira/programacao/nodejs/js-expert-aula05-tdd-project/src/utils/util.js": {"path":"/home/jamangueira/programacao/nodejs/js-expert-aula05-tdd-project/src/utils/util.js","statementMap":{"0":{"start":{"line":1,"column":32},"end":{"line":1,"column":54}},"1":{"start":{"line":4,"column":8},"end":{"line":4,"column":25}},"2":{"start":{"line":8,"column":8},"end":{"line":8,"column":53}},"3":{"start":{"line":12,"column":20},"end":{"line":12,"column":50}},"4":{"start":{"line":13,"column":8},"end":{"line":15,"column":9}},"5":{"start":{"line":14,"column":12},"end":{"line":14,"column":23}},"6":{"start":{"line":17,"column":8},"end":{"line":17,"column":52}},"7":{"start":{"line":17,"column":36},"end":{"line":17,"column":49}},"8":{"start":{"line":21,"column":20},"end":{"line":21,"column":50}},"9":{"start":{"line":23,"column":8},"end":{"line":23,"column":64}},"10":{"start":{"line":23,"column":40},"end":{"line":23,"column":62}},"11":{"start":{"line":28,"column":0},"end":{"line":28,"column":22}}},"fnMap":{"0":{"name":"(anonymous_0)","decl":{"start":{"line":3,"column":4},"end":{"line":3,"column":5}},"loc":{"start":{"line":3,"column":26},"end":{"line":5,"column":5}},"line":3},"1":{"name":"(anonymous_1)","decl":{"start":{"line":7,"column":4},"end":{"line":7,"column":5}},"loc":{"start":{"line":7,"column":30},"end":{"line":9,"column":5}},"line":7},"2":{"name":"(anonymous_2)","decl":{"start":{"line":11,"column":4},"end":{"line":11,"column":5}},"loc":{"start":{"line":11,"column":23},"end":{"line":18,"column":5}},"line":11},"3":{"name":"(anonymous_3)","decl":{"start":{"line":17,"column":24},"end":{"line":17,"column":25}},"loc":{"start":{"line":17,"column":36},"end":{"line":17,"column":49}},"line":17},"4":{"name":"(anonymous_4)","decl":{"start":{"line":20,"column":4},"end":{"line":20,"column":5}},"loc":{"start":{"line":20,"column":29},"end":{"line":24,"column":5}},"line":20},"5":{"name":"(anonymous_5)","decl":{"start":{"line":23,"column":24},"end":{"line":23,"column":25}},"loc":{"start":{"line":23,"column":40},"end":{"line":23,"column":62}},"line":23}},"branchMap":{"0":{"loc":{"start":{"line":13,"column":8},"end":{"line":15,"column":9}},"type":"if","locations":[{"start":{"line":13,"column":8},"end":{"line":15,"column":9}},{"start":{"line":13,"column":8},"end":{"line":15,"column":9}}],"line":13}},"s":{"0":1,"1":4,"2":24,"3":10,"4":10,"5":1,"6":9,"7":26,"8":5,"9":5,"10":10,"11":1},"f":{"0":4,"1":24,"2":10,"3":26,"4":5,"5":10},"b":{"0":[1,9]},"_coverageSchema":"1a1c01bbd47fc00a2c39e90264f33305004495a9","hash":"0545208d974eee7de71331433cacd2f683f634ac","contentHash":"64832def3d1ea27c0db4f7749409188dccb5aa526270ac2b78d9e461bd156ab0"}
,"/home/jamangueira/programacao/nodejs/js-expert-aula05-tdd-project/test/apiTests/api.test.js": {"path":"/home/jamangueira/programacao/nodejs/js-expert-aula05-tdd-project/test/apiTests/api.test.js","statementMap":{"0":{"start":{"line":1,"column":48},"end":{"line":1,"column":64}},"1":{"start":{"line":2,"column":16},"end":{"line":2,"column":36}},"2":{"start":{"line":3,"column":12},"end":{"line":3,"column":36}},"3":{"start":{"line":4,"column":15},"end":{"line":4,"column":32}},"4":{"start":{"line":5,"column":14},"end":{"line":5,"column":30}},"5":{"start":{"line":8,"column":0},"end":{"line":305,"column":3}},"6":{"start":{"line":10,"column":18},"end":{"line":10,"column":20}},"7":{"start":{"line":12,"column":4},"end":{"line":14,"column":7}},"8":{"start":{"line":13,"column":8},"end":{"line":13,"column":40}},"9":{"start":{"line":16,"column":4},"end":{"line":18,"column":7}},"10":{"start":{"line":17,"column":8},"end":{"line":17,"column":26}},"11":{"start":{"line":20,"column":4},"end":{"line":28,"column":7}},"12":{"start":{"line":21,"column":8},"end":{"line":27,"column":11}},"13":{"start":{"line":22,"column":29},"end":{"line":24,"column":28}},"14":{"start":{"line":26,"column":12},"end":{"line":26,"column":87}},"15":{"start":{"line":30,"column":4},"end":{"line":125,"column":7}},"16":{"start":{"line":31,"column":8},"end":{"line":47,"column":11}},"17":{"start":{"line":33,"column":29},"end":{"line":36,"column":28}},"18":{"start":{"line":38,"column":27},"end":{"line":44,"column":17}},"19":{"start":{"line":46,"column":12},"end":{"line":46,"column":70}},"20":{"start":{"line":49,"column":8},"end":{"line":65,"column":11}},"21":{"start":{"line":51,"column":29},"end":{"line":54,"column":28}},"22":{"start":{"line":56,"column":27},"end":{"line":62,"column":13}},"23":{"start":{"line":64,"column":12},"end":{"line":64,"column":70}},"24":{"start":{"line":67,"column":8},"end":{"line":77,"column":11}},"25":{"start":{"line":69,"column":29},"end":{"line":72,"column":28}},"26":{"start":{"line":74,"column":27},"end":{"line":74,"column":53}},"27":{"start":{"line":76,"column":12},"end":{"line":76,"column":70}},"28":{"start":{"line":79,"column":8},"end":{"line":124,"column":11}},"29":{"start":{"line":81,"column":29},"end":{"line":83,"column":28}},"30":{"start":{"line":85,"column":27},"end":{"line":121,"column":13}},"31":{"start":{"line":123,"column":12},"end":{"line":123,"column":70}},"32":{"start":{"line":127,"column":4},"end":{"line":182,"column":7}},"33":{"start":{"line":128,"column":8},"end":{"line":153,"column":11}},"34":{"start":{"line":130,"column":29},"end":{"line":132,"column":28}},"35":{"start":{"line":134,"column":27},"end":{"line":150,"column":13}},"36":{"start":{"line":152,"column":12},"end":{"line":152,"column":70}},"37":{"start":{"line":155,"column":8},"end":{"line":169,"column":11}},"38":{"start":{"line":157,"column":29},"end":{"line":160,"column":28}},"39":{"start":{"line":162,"column":27},"end":{"line":166,"column":13}},"40":{"start":{"line":168,"column":12},"end":{"line":168,"column":70}},"41":{"start":{"line":171,"column":8},"end":{"line":181,"column":11}},"42":{"start":{"line":173,"column":29},"end":{"line":176,"column":28}},"43":{"start":{"line":178,"column":27},"end":{"line":178,"column":58}},"44":{"start":{"line":180,"column":12},"end":{"line":180,"column":70}},"45":{"start":{"line":184,"column":4},"end":{"line":304,"column":7}},"46":{"start":{"line":185,"column":8},"end":{"line":221,"column":11}},"47":{"start":{"line":187,"column":26},"end":{"line":187,"column":36}},"48":{"start":{"line":188,"column":12},"end":{"line":188,"column":47}},"49":{"start":{"line":190,"column":29},"end":{"line":198,"column":28}},"50":{"start":{"line":201,"column":28},"end":{"line":201,"column":78}},"51":{"start":{"line":203,"column":27},"end":{"line":218,"column":13}},"52":{"start":{"line":220,"column":12},"end":{"line":220,"column":70}},"53":{"start":{"line":223,"column":8},"end":{"line":241,"column":11}},"54":{"start":{"line":225,"column":26},"end":{"line":225,"column":36}},"55":{"start":{"line":226,"column":12},"end":{"line":226,"column":47}},"56":{"start":{"line":228,"column":29},"end":{"line":236,"column":28}},"57":{"start":{"line":238,"column":27},"end":{"line":238,"column":56}},"58":{"start":{"line":240,"column":12},"end":{"line":240,"column":70}},"59":{"start":{"line":243,"column":8},"end":{"line":261,"column":11}},"60":{"start":{"line":245,"column":26},"end":{"line":245,"column":36}},"61":{"start":{"line":246,"column":12},"end":{"line":246,"column":47}},"62":{"start":{"line":248,"column":29},"end":{"line":256,"column":28}},"63":{"start":{"line":258,"column":27},"end":{"line":258,"column":56}},"64":{"start":{"line":260,"column":12},"end":{"line":260,"column":70}},"65":{"start":{"line":263,"column":8},"end":{"line":281,"column":11}},"66":{"start":{"line":265,"column":26},"end":{"line":265,"column":36}},"67":{"start":{"line":266,"column":12},"end":{"line":266,"column":47}},"68":{"start":{"line":268,"column":29},"end":{"line":276,"column":28}},"69":{"start":{"line":278,"column":27},"end":{"line":278,"column":62}},"70":{"start":{"line":280,"column":12},"end":{"line":280,"column":70}},"71":{"start":{"line":284,"column":8},"end":{"line":302,"column":11}},"72":{"start":{"line":286,"column":26},"end":{"line":286,"column":36}},"73":{"start":{"line":287,"column":12},"end":{"line":287,"column":47}},"74":{"start":{"line":289,"column":29},"end":{"line":297,"column":28}},"75":{"start":{"line":299,"column":27},"end":{"line":299,"column":79}},"76":{"start":{"line":301,"column":12},"end":{"line":301,"column":70}}},"fnMap":{"0":{"name":"(anonymous_0)","decl":{"start":{"line":8,"column":27},"end":{"line":8,"column":28}},"loc":{"start":{"line":8,"column":33},"end":{"line":305,"column":1}},"line":8},"1":{"name":"(anonymous_1)","decl":{"start":{"line":12,"column":15},"end":{"line":12,"column":16}},"loc":{"start":{"line":12,"column":21},"end":{"line":14,"column":5}},"line":12},"2":{"name":"(anonymous_2)","decl":{"start":{"line":16,"column":14},"end":{"line":16,"column":15}},"loc":{"start":{"line":16,"column":20},"end":{"line":18,"column":5}},"line":16},"3":{"name":"(anonymous_3)","decl":{"start":{"line":20,"column":18},"end":{"line":20,"column":19}},"loc":{"start":{"line":20,"column":24},"end":{"line":28,"column":5}},"line":20},"4":{"name":"(anonymous_4)","decl":{"start":{"line":21,"column":37},"end":{"line":21,"column":38}},"loc":{"start":{"line":21,"column":49},"end":{"line":27,"column":9}},"line":21},"5":{"name":"(anonymous_5)","decl":{"start":{"line":30,"column":21},"end":{"line":30,"column":22}},"loc":{"start":{"line":30,"column":27},"end":{"line":125,"column":5}},"line":30},"6":{"name":"(anonymous_6)","decl":{"start":{"line":31,"column":57},"end":{"line":31,"column":58}},"loc":{"start":{"line":31,"column":69},"end":{"line":47,"column":9}},"line":31},"7":{"name":"(anonymous_7)","decl":{"start":{"line":49,"column":43},"end":{"line":49,"column":44}},"loc":{"start":{"line":49,"column":55},"end":{"line":65,"column":9}},"line":49},"8":{"name":"(anonymous_8)","decl":{"start":{"line":67,"column":49},"end":{"line":67,"column":50}},"loc":{"start":{"line":67,"column":61},"end":{"line":77,"column":9}},"line":67},"9":{"name":"(anonymous_9)","decl":{"start":{"line":79,"column":31},"end":{"line":79,"column":32}},"loc":{"start":{"line":79,"column":43},"end":{"line":124,"column":9}},"line":79},"10":{"name":"(anonymous_10)","decl":{"start":{"line":127,"column":27},"end":{"line":127,"column":28}},"loc":{"start":{"line":127,"column":33},"end":{"line":182,"column":5}},"line":127},"11":{"name":"(anonymous_11)","decl":{"start":{"line":128,"column":36},"end":{"line":128,"column":37}},"loc":{"start":{"line":128,"column":48},"end":{"line":153,"column":9}},"line":128},"12":{"name":"(anonymous_12)","decl":{"start":{"line":155,"column":48},"end":{"line":155,"column":49}},"loc":{"start":{"line":155,"column":60},"end":{"line":169,"column":9}},"line":155},"13":{"name":"(anonymous_13)","decl":{"start":{"line":171,"column":54},"end":{"line":171,"column":55}},"loc":{"start":{"line":171,"column":66},"end":{"line":181,"column":9}},"line":171},"14":{"name":"(anonymous_14)","decl":{"start":{"line":184,"column":22},"end":{"line":184,"column":23}},"loc":{"start":{"line":184,"column":28},"end":{"line":304,"column":5}},"line":184},"15":{"name":"(anonymous_15)","decl":{"start":{"line":185,"column":25},"end":{"line":185,"column":26}},"loc":{"start":{"line":185,"column":37},"end":{"line":221,"column":9}},"line":185},"16":{"name":"(anonymous_16)","decl":{"start":{"line":223,"column":49},"end":{"line":223,"column":50}},"loc":{"start":{"line":223,"column":61},"end":{"line":241,"column":9}},"line":223},"17":{"name":"(anonymous_17)","decl":{"start":{"line":243,"column":63},"end":{"line":243,"column":64}},"loc":{"start":{"line":243,"column":75},"end":{"line":261,"column":9}},"line":243},"18":{"name":"(anonymous_18)","decl":{"start":{"line":263,"column":55},"end":{"line":263,"column":56}},"loc":{"start":{"line":263,"column":67},"end":{"line":281,"column":9}},"line":263},"19":{"name":"(anonymous_19)","decl":{"start":{"line":284,"column":72},"end":{"line":284,"column":73}},"loc":{"start":{"line":284,"column":84},"end":{"line":302,"column":9}},"line":284}},"branchMap":{},"s":{"0":1,"1":1,"2":1,"3":1,"4":1,"5":1,"6":1,"7":1,"8":13,"9":1,"10":13,"11":1,"12":1,"13":1,"14":1,"15":1,"16":1,"17":1,"18":1,"19":1,"20":1,"21":1,"22":1,"23":1,"24":1,"25":1,"26":1,"27":1,"28":1,"29":1,"30":1,"31":1,"32":1,"33":1,"34":1,"35":1,"36":1,"37":1,"38":1,"39":1,"40":1,"41":1,"42":1,"43":1,"44":1,"45":1,"46":1,"47":1,"48":1,"49":1,"50":1,"51":1,"52":1,"53":1,"54":1,"55":1,"56":1,"57":1,"58":1,"59":1,"60":1,"61":1,"62":1,"63":1,"64":1,"65":1,"66":1,"67":1,"68":1,"69":1,"70":1,"71":1,"72":1,"73":1,"74":1,"75":1,"76":1},"f":{"0":1,"1":13,"2":13,"3":1,"4":1,"5":1,"6":1,"7":1,"8":1,"9":1,"10":1,"11":1,"12":1,"13":1,"14":1,"15":1,"16":1,"17":1,"18":1,"19":1},"b":{},"_coverageSchema":"1a1c01bbd47fc00a2c39e90264f33305004495a9","hash":"71ea555f159a47bf0f6da51b751b6a045495cdf7","contentHash":"7cceeeccbccfd1c04dec77bae9d006575cb0c65936ea65cfd80b6fc90b028da2"}
,"/home/jamangueira/programacao/nodejs/js-expert-aula05-tdd-project/test/unitTests/carService.test.js": {"path":"/home/jamangueira/programacao/nodejs/js-expert-aula05-tdd-project/test/unitTests/carService.test.js","statementMap":{"0":{"start":{"line":1,"column":56},"end":{"line":1,"column":72}},"1":{"start":{"line":2,"column":14},"end":{"line":2,"column":30}},"2":{"start":{"line":4,"column":19},"end":{"line":4,"column":60}},"3":{"start":{"line":5,"column":20},"end":{"line":5,"column":63}},"4":{"start":{"line":7,"column":17},"end":{"line":7,"column":32}},"5":{"start":{"line":8,"column":19},"end":{"line":8,"column":34}},"6":{"start":{"line":10,"column":22},"end":{"line":10,"column":70}},"7":{"start":{"line":12,"column":14},"end":{"line":16,"column":1}},"8":{"start":{"line":18,"column":0},"end":{"line":150,"column":3}},"9":{"start":{"line":20,"column":21},"end":{"line":20,"column":23}},"10":{"start":{"line":21,"column":18},"end":{"line":21,"column":20}},"11":{"start":{"line":23,"column":4},"end":{"line":27,"column":7}},"12":{"start":{"line":24,"column":8},"end":{"line":26,"column":11}},"13":{"start":{"line":29,"column":4},"end":{"line":31,"column":7}},"14":{"start":{"line":30,"column":8},"end":{"line":30,"column":40}},"15":{"start":{"line":33,"column":4},"end":{"line":35,"column":7}},"16":{"start":{"line":34,"column":8},"end":{"line":34,"column":26}},"17":{"start":{"line":37,"column":4},"end":{"line":44,"column":7}},"18":{"start":{"line":38,"column":21},"end":{"line":38,"column":36}},"19":{"start":{"line":40,"column":23},"end":{"line":40,"column":72}},"20":{"start":{"line":42,"column":8},"end":{"line":42,"column":60}},"21":{"start":{"line":46,"column":4},"end":{"line":60,"column":7}},"22":{"start":{"line":47,"column":28},"end":{"line":47,"column":50}},"23":{"start":{"line":48,"column":27},"end":{"line":48,"column":28}},"24":{"start":{"line":50,"column":8},"end":{"line":53,"column":30}},"25":{"start":{"line":55,"column":23},"end":{"line":55,"column":68}},"26":{"start":{"line":56,"column":25},"end":{"line":56,"column":55}},"27":{"start":{"line":58,"column":8},"end":{"line":58,"column":74}},"28":{"start":{"line":59,"column":8},"end":{"line":59,"column":45}},"29":{"start":{"line":62,"column":4},"end":{"line":84,"column":7}},"30":{"start":{"line":63,"column":20},"end":{"line":63,"column":34}},"31":{"start":{"line":64,"column":28},"end":{"line":64,"column":65}},"32":{"start":{"line":65,"column":8},"end":{"line":65,"column":38}},"33":{"start":{"line":67,"column":8},"end":{"line":70,"column":24}},"34":{"start":{"line":72,"column":8},"end":{"line":75,"column":10}},"35":{"start":{"line":77,"column":23},"end":{"line":77,"column":68}},"36":{"start":{"line":78,"column":25},"end":{"line":78,"column":28}},"37":{"start":{"line":80,"column":8},"end":{"line":80,"column":69}},"38":{"start":{"line":81,"column":8},"end":{"line":81,"column":81}},"39":{"start":{"line":82,"column":8},"end":{"line":82,"column":50}},"40":{"start":{"line":86,"column":4},"end":{"line":109,"column":7}},"41":{"start":{"line":87,"column":25},"end":{"line":87,"column":59}},"42":{"start":{"line":88,"column":8},"end":{"line":88,"column":26}},"43":{"start":{"line":90,"column":28},"end":{"line":90,"column":65}},"44":{"start":{"line":91,"column":8},"end":{"line":91,"column":33}},"45":{"start":{"line":93,"column":28},"end":{"line":93,"column":29}},"46":{"start":{"line":95,"column":8},"end":{"line":98,"column":55}},"47":{"start":{"line":98,"column":20},"end":{"line":98,"column":53}},"48":{"start":{"line":100,"column":25},"end":{"line":100,"column":65}},"49":{"start":{"line":101,"column":23},"end":{"line":105,"column":9}},"50":{"start":{"line":107,"column":8},"end":{"line":107,"column":50}},"51":{"start":{"line":111,"column":4},"end":{"line":149,"column":7}},"52":{"start":{"line":112,"column":20},"end":{"line":112,"column":34}},"53":{"start":{"line":113,"column":28},"end":{"line":117,"column":9}},"54":{"start":{"line":119,"column":25},"end":{"line":119,"column":59}},"55":{"start":{"line":120,"column":8},"end":{"line":120,"column":26}},"56":{"start":{"line":122,"column":28},"end":{"line":122,"column":29}},"57":{"start":{"line":123,"column":24},"end":{"line":123,"column":48}},"58":{"start":{"line":125,"column":20},"end":{"line":125,"column":41}},"59":{"start":{"line":127,"column":8},"end":{"line":127,"column":45}},"60":{"start":{"line":128,"column":8},"end":{"line":131,"column":24}},"61":{"start":{"line":133,"column":31},"end":{"line":133,"column":70}},"62":{"start":{"line":134,"column":23},"end":{"line":138,"column":9}},"63":{"start":{"line":140,"column":25},"end":{"line":145,"column":10}},"64":{"start":{"line":147,"column":8},"end":{"line":147,"column":50}}},"fnMap":{"0":{"name":"(anonymous_0)","decl":{"start":{"line":18,"column":35},"end":{"line":18,"column":36}},"loc":{"start":{"line":18,"column":41},"end":{"line":150,"column":1}},"line":18},"1":{"name":"(anonymous_1)","decl":{"start":{"line":23,"column":11},"end":{"line":23,"column":12}},"loc":{"start":{"line":23,"column":17},"end":{"line":27,"column":5}},"line":23},"2":{"name":"(anonymous_2)","decl":{"start":{"line":29,"column":15},"end":{"line":29,"column":16}},"loc":{"start":{"line":29,"column":21},"end":{"line":31,"column":5}},"line":29},"3":{"name":"(anonymous_3)","decl":{"start":{"line":33,"column":14},"end":{"line":33,"column":15}},"loc":{"start":{"line":33,"column":20},"end":{"line":35,"column":5}},"line":33},"4":{"name":"(anonymous_4)","decl":{"start":{"line":37,"column":58},"end":{"line":37,"column":59}},"loc":{"start":{"line":37,"column":70},"end":{"line":44,"column":5}},"line":37},"5":{"name":"(anonymous_5)","decl":{"start":{"line":46,"column":64},"end":{"line":46,"column":65}},"loc":{"start":{"line":46,"column":76},"end":{"line":60,"column":5}},"line":46},"6":{"name":"(anonymous_6)","decl":{"start":{"line":62,"column":64},"end":{"line":62,"column":65}},"loc":{"start":{"line":62,"column":76},"end":{"line":84,"column":5}},"line":62},"7":{"name":"(anonymous_7)","decl":{"start":{"line":86,"column":97},"end":{"line":86,"column":98}},"loc":{"start":{"line":86,"column":109},"end":{"line":109,"column":5}},"line":86},"8":{"name":"(anonymous_8)","decl":{"start":{"line":98,"column":14},"end":{"line":98,"column":15}},"loc":{"start":{"line":98,"column":20},"end":{"line":98,"column":53}},"line":98},"9":{"name":"(anonymous_9)","decl":{"start":{"line":111,"column":83},"end":{"line":111,"column":84}},"loc":{"start":{"line":111,"column":95},"end":{"line":149,"column":5}},"line":111}},"branchMap":{},"s":{"0":1,"1":1,"2":1,"3":1,"4":1,"5":1,"6":1,"7":1,"8":1,"9":1,"10":1,"11":1,"12":1,"13":1,"14":5,"15":1,"16":5,"17":1,"18":1,"19":1,"20":1,"21":1,"22":1,"23":1,"24":1,"25":1,"26":1,"27":1,"28":1,"29":1,"30":1,"31":1,"32":1,"33":1,"34":1,"35":1,"36":1,"37":1,"38":1,"39":1,"40":1,"41":1,"42":1,"43":1,"44":1,"45":1,"46":1,"47":1,"48":1,"49":1,"50":1,"51":1,"52":1,"53":1,"54":1,"55":1,"56":1,"57":1,"58":1,"59":1,"60":1,"61":1,"62":1,"63":1,"64":1},"f":{"0":1,"1":1,"2":5,"3":5,"4":1,"5":1,"6":1,"7":1,"8":1,"9":1},"b":{},"_coverageSchema":"1a1c01bbd47fc00a2c39e90264f33305004495a9","hash":"b08cf3ba5e9ece4b3676246c9480fec1dccd234b","contentHash":"2026d6b47280412c7461d6025f543429fee7df67994b1e0ff3bb8d3fbc65b6f0"}
,"/home/jamangueira/programacao/nodejs/js-expert-aula05-tdd-project/test/unitTests/util.test.js": {"path":"/home/jamangueira/programacao/nodejs/js-expert-aula05-tdd-project/test/unitTests/util.test.js","statementMap":{"0":{"start":{"line":1,"column":56},"end":{"line":1,"column":72}},"1":{"start":{"line":2,"column":14},"end":{"line":2,"column":30}},"2":{"start":{"line":4,"column":13},"end":{"line":4,"column":46}},"3":{"start":{"line":6,"column":17},"end":{"line":6,"column":32}},"4":{"start":{"line":7,"column":19},"end":{"line":7,"column":34}},"5":{"start":{"line":9,"column":22},"end":{"line":9,"column":70}},"6":{"start":{"line":11,"column":14},"end":{"line":15,"column":1}},"7":{"start":{"line":17,"column":0},"end":{"line":136,"column":3}},"8":{"start":{"line":19,"column":15},"end":{"line":19,"column":17}},"9":{"start":{"line":20,"column":18},"end":{"line":20,"column":20}},"10":{"start":{"line":22,"column":4},"end":{"line":26,"column":7}},"11":{"start":{"line":23,"column":8},"end":{"line":25,"column":11}},"12":{"start":{"line":28,"column":4},"end":{"line":30,"column":7}},"13":{"start":{"line":29,"column":8},"end":{"line":29,"column":40}},"14":{"start":{"line":32,"column":4},"end":{"line":34,"column":7}},"15":{"start":{"line":33,"column":8},"end":{"line":33,"column":26}},"16":{"start":{"line":36,"column":4},"end":{"line":79,"column":7}},"17":{"start":{"line":37,"column":23},"end":{"line":37,"column":53}},"18":{"start":{"line":39,"column":25},"end":{"line":75,"column":9}},"19":{"start":{"line":77,"column":8},"end":{"line":77,"column":59}},"20":{"start":{"line":78,"column":8},"end":{"line":78,"column":77}},"21":{"start":{"line":81,"column":4},"end":{"line":125,"column":7}},"22":{"start":{"line":82,"column":23},"end":{"line":82,"column":40}},"23":{"start":{"line":84,"column":25},"end":{"line":121,"column":9}},"24":{"start":{"line":123,"column":8},"end":{"line":123,"column":59}},"25":{"start":{"line":124,"column":8},"end":{"line":124,"column":77}},"26":{"start":{"line":127,"column":4},"end":{"line":134,"column":7}},"27":{"start":{"line":128,"column":19},"end":{"line":128,"column":57}},"28":{"start":{"line":129,"column":23},"end":{"line":129,"column":42}},"29":{"start":{"line":131,"column":25},"end":{"line":131,"column":139}},"30":{"start":{"line":133,"column":8},"end":{"line":133,"column":77}}},"fnMap":{"0":{"name":"(anonymous_0)","decl":{"start":{"line":17,"column":29},"end":{"line":17,"column":30}},"loc":{"start":{"line":17,"column":35},"end":{"line":136,"column":1}},"line":17},"1":{"name":"(anonymous_1)","decl":{"start":{"line":22,"column":11},"end":{"line":22,"column":12}},"loc":{"start":{"line":22,"column":17},"end":{"line":26,"column":5}},"line":22},"2":{"name":"(anonymous_2)","decl":{"start":{"line":28,"column":15},"end":{"line":28,"column":16}},"loc":{"start":{"line":28,"column":21},"end":{"line":30,"column":5}},"line":28},"3":{"name":"(anonymous_3)","decl":{"start":{"line":32,"column":14},"end":{"line":32,"column":15}},"loc":{"start":{"line":32,"column":20},"end":{"line":34,"column":5}},"line":32},"4":{"name":"(anonymous_4)","decl":{"start":{"line":36,"column":30},"end":{"line":36,"column":31}},"loc":{"start":{"line":36,"column":42},"end":{"line":79,"column":5}},"line":36},"5":{"name":"(anonymous_5)","decl":{"start":{"line":81,"column":46},"end":{"line":81,"column":47}},"loc":{"start":{"line":81,"column":58},"end":{"line":125,"column":5}},"line":81},"6":{"name":"(anonymous_6)","decl":{"start":{"line":127,"column":32},"end":{"line":127,"column":33}},"loc":{"start":{"line":127,"column":44},"end":{"line":134,"column":5}},"line":127}},"branchMap":{},"s":{"0":1,"1":1,"2":1,"3":1,"4":1,"5":1,"6":1,"7":1,"8":1,"9":1,"10":1,"11":1,"12":1,"13":3,"14":1,"15":3,"16":1,"17":1,"18":1,"19":1,"20":1,"21":1,"22":1,"23":1,"24":1,"25":1,"26":1,"27":1,"28":1,"29":1,"30":1},"f":{"0":1,"1":1,"2":3,"3":3,"4":1,"5":1,"6":1},"b":{},"_coverageSchema":"1a1c01bbd47fc00a2c39e90264f33305004495a9","hash":"5bcaa30e0b2d500ee27f21eb6f845cc7131fb9ff","contentHash":"26b0524d9ee3f71ebbe665e6f704f562a33b65cd80c552927353700fe4308630"}
}
